# JRE version: OpenJDK Runtime Environment (21.0.9) (build 21.0.9+-14649483-b1163.86)
# Java VM: OpenJDK 64-Bit Server VM (21.0.9+-14649483-b1163.86, mixed mode, tiered, compressed oops, compressed class ptrs, g1 gc, windows-amd64)
GC Precious Log:
 CardTable entry size: 512
 Card Set container configuration: InlinePtr #cards 4 size 8 Array Of Cards #cards 32 size 80 Howl #buckets 8 coarsen threshold 7372 Howl Bitmap #cards 1024 size 144 coarsen threshold 921 Card regions per heap region 1 cards per card region 8192
 CPUs: 12 total, 12 available
 Memory: 7916M
 Large Page Support: Disabled
 NUMA Support: Disabled
 Compressed Oops: Enabled (Zero based)
 Heap Region Size: 4M
 Heap Min Capacity: 8M
 Heap Initial Capacity: 124M
 Heap Max Capacity: 8G
 Pre-touch: Disabled
 Parallel Workers: 10
 Concurrent Workers: 3
 Concurrent Refinement Workers: 10
 Periodic GC: Disabled
Heap:
 garbage-first heap   total 761856K, used 215203K [0x0000000600000000, 0x0000000800000000)
  region size 4096K, 6 young (24576K), 6 survivors (24576K)
 Metaspace       used 173218K, committed 175680K, reserved 1245184K
  class space    used 22362K, committed 23552K, reserved 1048576K
GC Heap History (20 events):
Event: 147.634 GC heap after
{Heap after GC invocations=87 (full 0):
 garbage-first heap   total 634880K, used 159830K [0x0000000600000000, 0x0000000800000000)
  region size 4096K, 4 young (16384K), 4 survivors (16384K)
 Metaspace       used 160361K, committed 162688K, reserved 1245184K
  class space    used 20965K, committed 22080K, reserved 1048576K
}
Event: 148.340 GC heap before
{Heap before GC invocations=87 (full 0):
 garbage-first heap   total 634880K, used 524374K [0x0000000600000000, 0x0000000800000000)
  region size 4096K, 93 young (380928K), 4 survivors (16384K)
 Metaspace       used 160365K, committed 162688K, reserved 1245184K
  class space    used 20965K, committed 22080K, reserved 1048576K
}
Event: 148.349 GC heap after
{Heap after GC invocations=88 (full 0):
 garbage-first heap   total 761856K, used 160835K [0x0000000600000000, 0x0000000800000000)
  region size 4096K, 4 young (16384K), 4 survivors (16384K)
 Metaspace       used 160365K, committed 162688K, reserved 1245184K
  class space    used 20965K, committed 22080K, reserved 1048576K
}
Event: 149.759 GC heap before
{Heap before GC invocations=88 (full 0):
 garbage-first heap   total 761856K, used 599107K [0x0000000600000000, 0x0000000800000000)
  region size 4096K, 111 young (454656K), 4 survivors (16384K)
 Metaspace       used 160365K, committed 162688K, reserved 1245184K
  class space    used 20965K, committed 22080K, reserved 1048576K
}
Event: 149.768 GC heap after
{Heap after GC invocations=89 (full 0):
 garbage-first heap   total 761856K, used 162172K [0x0000000600000000, 0x0000000800000000)
  region size 4096K, 4 young (16384K), 4 survivors (16384K)
 Metaspace       used 160365K, committed 162688K, reserved 1245184K
  class space    used 20965K, committed 22080K, reserved 1048576K
}
Event: 151.787 GC heap before
{Heap before GC invocations=89 (full 0):
 garbage-first heap   total 761856K, used 600444K [0x0000000600000000, 0x0000000800000000)
  region size 4096K, 111 young (454656K), 4 survivors (16384K)
 Metaspace       used 160416K, committed 162752K, reserved 1245184K
  class space    used 20967K, committed 22080K, reserved 1048576K
}
Event: 151.798 GC heap after
{Heap after GC invocations=90 (full 0):
 garbage-first heap   total 761856K, used 167998K [0x0000000600000000, 0x0000000800000000)
  region size 4096K, 5 young (20480K), 5 survivors (20480K)
 Metaspace       used 160416K, committed 162752K, reserved 1245184K
  class space    used 20967K, committed 22080K, reserved 1048576K
}
Event: 155.313 GC heap before
{Heap before GC invocations=90 (full 0):
 garbage-first heap   total 761856K, used 344126K [0x0000000600000000, 0x0000000800000000)
  region size 4096K, 49 young (200704K), 5 survivors (20480K)
 Metaspace       used 165676K, committed 168000K, reserved 1245184K
  class space    used 21582K, committed 22720K, reserved 1048576K
}
Event: 155.327 GC heap after
{Heap after GC invocations=91 (full 0):
 garbage-first heap   total 761856K, used 161834K [0x0000000600000000, 0x0000000800000000)
  region size 4096K, 6 young (24576K), 6 survivors (24576K)
 Metaspace       used 165676K, committed 168000K, reserved 1245184K
  class space    used 21582K, committed 22720K, reserved 1048576K
}
Event: 197.820 GC heap before
{Heap before GC invocations=92 (full 0):
 garbage-first heap   total 561152K, used 477226K [0x0000000600000000, 0x0000000800000000)
  region size 4096K, 82 young (335872K), 6 survivors (24576K)
 Metaspace       used 170825K, committed 173248K, reserved 1245184K
  class space    used 22150K, committed 23360K, reserved 1048576K
}
Event: 197.867 GC heap after
{Heap after GC invocations=93 (full 0):
 garbage-first heap   total 561152K, used 203310K [0x0000000600000000, 0x0000000800000000)
  region size 4096K, 11 young (45056K), 11 survivors (45056K)
 Metaspace       used 170825K, committed 173248K, reserved 1245184K
  class space    used 22150K, committed 23360K, reserved 1048576K
}
Event: 198.247 GC heap before
{Heap before GC invocations=93 (full 0):
 garbage-first heap   total 561152K, used 477742K [0x0000000600000000, 0x0000000800000000)
  region size 4096K, 79 young (323584K), 11 survivors (45056K)
 Metaspace       used 172792K, committed 175296K, reserved 1245184K
  class space    used 22351K, committed 23552K, reserved 1048576K
}
Event: 198.278 GC heap after
{Heap after GC invocations=94 (full 0):
 garbage-first heap   total 561152K, used 211323K [0x0000000600000000, 0x0000000800000000)
  region size 4096K, 3 young (12288K), 3 survivors (12288K)
 Metaspace       used 172792K, committed 175296K, reserved 1245184K
  class space    used 22351K, committed 23552K, reserved 1048576K
}
Event: 198.561 GC heap before
{Heap before GC invocations=94 (full 0):
 garbage-first heap   total 561152K, used 493947K [0x0000000600000000, 0x0000000800000000)
  region size 4096K, 72 young (294912K), 3 survivors (12288K)
 Metaspace       used 173106K, committed 175616K, reserved 1245184K
  class space    used 22364K, committed 23552K, reserved 1048576K
}
Event: 198.569 GC heap after
{Heap after GC invocations=95 (full 0):
 garbage-first heap   total 561152K, used 210765K [0x0000000600000000, 0x0000000800000000)
  region size 4096K, 3 young (12288K), 3 survivors (12288K)
 Metaspace       used 173106K, committed 175616K, reserved 1245184K
  class space    used 22364K, committed 23552K, reserved 1048576K
}
Event: 198.779 GC heap before
{Heap before GC invocations=95 (full 0):
 garbage-first heap   total 561152K, used 497485K [0x0000000600000000, 0x0000000800000000)
  region size 4096K, 75 young (307200K), 3 survivors (12288K)
 Metaspace       used 173159K, committed 175616K, reserved 1245184K
  class space    used 22364K, committed 23552K, reserved 1048576K
}
Event: 198.792 GC heap after
{Heap after GC invocations=96 (full 0):
 garbage-first heap   total 561152K, used 218341K [0x0000000600000000, 0x0000000800000000)
  region size 4096K, 5 young (20480K), 5 survivors (20480K)
 Metaspace       used 173159K, committed 175616K, reserved 1245184K
  class space    used 22364K, committed 23552K, reserved 1048576K
}
Event: 199.138 GC heap before
{Heap before GC invocations=97 (full 0):
 garbage-first heap   total 561152K, used 505061K [0x0000000600000000, 0x0000000800000000)
  region size 4096K, 75 young (307200K), 5 survivors (20480K)
 Metaspace       used 173192K, committed 175680K, reserved 1245184K
  class space    used 22362K, committed 23552K, reserved 1048576K
}
Event: 199.148 GC heap after
{Heap after GC invocations=98 (full 0):
 garbage-first heap   total 561152K, used 217308K [0x0000000600000000, 0x0000000800000000)
  region size 4096K, 4 young (16384K), 4 survivors (16384K)
 Metaspace       used 173192K, committed 175680K, reserved 1245184K
  class space    used 22362K, committed 23552K, reserved 1048576K
}
Event: 199.394 GC heap before
{Heap before GC invocations=98 (full 0):
 garbage-first heap   total 561152K, used 512220K [0x0000000600000000, 0x0000000800000000)
  region size 4096K, 78 young (319488K), 4 survivors (16384K)
 Metaspace       used 173218K, committed 175680K, reserved 1245184K
  class space    used 22362K, committed 23552K, reserved 1048576K
}

